<?xml version="1.0" encoding="UTF-8"?>
<coverage generated="1677859118506" clover="3.2.0">
  <project timestamp="1677859118506" name="All files">
    <metrics statements="95" coveredstatements="91" conditionals="28" coveredconditionals="23" methods="44" coveredmethods="44" elements="167" coveredelements="158" complexity="0" loc="95" ncloc="95" packages="4" files="6" classes="6"/>
    <package name="conditionals">
      <metrics statements="25" coveredstatements="24" conditionals="9" coveredconditionals="9" methods="16" coveredmethods="16"/>
      <file name="chain-conditionals.ts" path="/Users/gavrilo/Documents/utils/conditionals/chain-conditionals.ts">
        <metrics statements="21" coveredstatements="20" conditionals="2" coveredconditionals="2" methods="11" coveredmethods="11"/>
        <line num="1" count="1" type="stmt"/>
        <line num="26" count="1" type="stmt"/>
        <line num="27" count="23" type="stmt"/>
        <line num="28" count="7" type="stmt"/>
        <line num="29" count="7" type="stmt"/>
        <line num="32" count="23" type="stmt"/>
        <line num="33" count="7" type="stmt"/>
        <line num="35" count="23" type="stmt"/>
        <line num="36" count="5" type="stmt"/>
        <line num="37" count="2" type="stmt"/>
        <line num="39" count="2" type="stmt"/>
        <line num="41" count="5" type="cond" truecount="1" falsecount="0"/>
        <line num="42" count="3" type="stmt"/>
        <line num="45" count="3" type="cond" truecount="1" falsecount="0"/>
        <line num="46" count="0" type="stmt"/>
        <line num="49" count="1" type="stmt"/>
        <line num="51" count="3" type="stmt"/>
        <line num="59" count="1" type="stmt"/>
        <line num="60" count="9" type="stmt"/>
        <line num="61" count="9" type="stmt"/>
        <line num="64" count="1" type="stmt"/>
      </file>
      <file name="conditionals.ts" path="/Users/gavrilo/Documents/utils/conditionals/conditionals.ts">
        <metrics statements="4" coveredstatements="4" conditionals="7" coveredconditionals="7" methods="5" coveredmethods="5"/>
        <line num="4" count="1" type="stmt"/>
        <line num="7" count="1" type="cond" truecount="3" falsecount="0"/>
        <line num="9" count="10" type="cond" truecount="2" falsecount="0"/>
        <line num="11" count="14" type="cond" truecount="2" falsecount="0"/>
      </file>
    </package>
    <package name="decorators">
      <metrics statements="21" coveredstatements="19" conditionals="12" coveredconditionals="9" methods="7" coveredmethods="7"/>
      <file name="middleware.ts" path="/Users/gavrilo/Documents/utils/decorators/middleware.ts">
        <metrics statements="21" coveredstatements="19" conditionals="12" coveredconditionals="9" methods="7" coveredmethods="7"/>
        <line num="17" count="2" type="stmt"/>
        <line num="20" count="8" type="stmt"/>
        <line num="25" count="8" type="stmt"/>
        <line num="26" count="8" type="stmt"/>
        <line num="27" count="12" type="stmt"/>
        <line num="28" count="12" type="stmt"/>
        <line num="29" count="12" type="cond" truecount="3" falsecount="1"/>
        <line num="31" count="16" type="cond" truecount="3" falsecount="1"/>
        <line num="38" count="12" type="cond" truecount="2" falsecount="0"/>
        <line num="44" count="2" type="stmt"/>
        <line num="45" count="2" type="stmt"/>
        <line num="46" count="1" type="stmt"/>
        <line num="51" count="1" type="stmt"/>
        <line num="52" count="1" type="stmt"/>
        <line num="53" count="1" type="stmt"/>
        <line num="54" count="1" type="stmt"/>
        <line num="55" count="0" type="stmt"/>
        <line num="57" count="1" type="cond" truecount="1" falsecount="1"/>
        <line num="58" count="1" type="stmt"/>
        <line num="60" count="0" type="stmt"/>
        <line num="64" count="1" type="stmt"/>
      </file>
    </package>
    <package name="math">
      <metrics statements="36" coveredstatements="35" conditionals="7" coveredconditionals="5" methods="13" coveredmethods="13"/>
      <file name="arithmetics.ts" path="/Users/gavrilo/Documents/utils/math/arithmetics.ts">
        <metrics statements="19" coveredstatements="19" conditionals="3" coveredconditionals="2" methods="12" coveredmethods="12"/>
        <line num="1" count="1" type="stmt"/>
        <line num="5" count="7" type="stmt"/>
        <line num="6" count="7" type="stmt"/>
        <line num="7" count="7" type="stmt"/>
        <line num="15" count="3" type="stmt"/>
        <line num="16" count="3" type="stmt"/>
        <line num="19" count="3" type="stmt"/>
        <line num="23" count="2" type="stmt"/>
        <line num="26" count="1" type="stmt"/>
        <line num="28" count="5" type="stmt"/>
        <line num="31" count="1" type="stmt"/>
        <line num="33" count="2" type="stmt"/>
        <line num="36" count="1" type="stmt"/>
        <line num="38" count="4" type="stmt"/>
        <line num="42" count="10" type="cond" truecount="1" falsecount="1"/>
        <line num="43" count="10" type="stmt"/>
        <line num="47" count="1" type="stmt"/>
        <line num="51" count="1" type="stmt"/>
        <line num="52" count="3" type="stmt"/>
      </file>
      <file name="limit.ts" path="/Users/gavrilo/Documents/utils/math/limit.ts">
        <metrics statements="17" coveredstatements="16" conditionals="4" coveredconditionals="3" methods="1" coveredmethods="1"/>
        <line num="1" count="1" type="stmt"/>
        <line num="2" count="1" type="stmt"/>
        <line num="5" count="1" type="stmt"/>
        <line num="9" count="1" type="stmt"/>
        <line num="10" count="1" type="stmt"/>
        <line num="11" count="1" type="stmt"/>
        <line num="12" count="1166" type="cond" truecount="1" falsecount="0"/>
        <line num="13" count="1" type="stmt"/>
        <line num="14" count="1" type="stmt"/>
        <line num="16" count="1165" type="cond" truecount="0" falsecount="1"/>
        <line num="17" count="0" type="stmt"/>
        <line num="22" count="1165" type="stmt"/>
        <line num="23" count="1165" type="stmt"/>
        <line num="25" count="1165" type="cond" truecount="1" falsecount="0"/>
        <line num="26" count="1" type="stmt"/>
        <line num="31" count="1164" type="stmt"/>
        <line num="32" count="1164" type="stmt"/>
      </file>
    </package>
    <package name="mocks">
      <metrics statements="13" coveredstatements="13" conditionals="0" coveredconditionals="0" methods="8" coveredmethods="8"/>
      <file name="TestClass.ts" path="/Users/gavrilo/Documents/utils/mocks/TestClass.ts">
        <metrics statements="13" coveredstatements="13" conditionals="0" coveredconditionals="0" methods="8" coveredmethods="8"/>
        <line num="1" count="1" type="stmt"/>
        <line num="3" count="8" type="stmt"/>
        <line num="4" count="1" type="stmt"/>
        <line num="5" count="1" type="stmt"/>
        <line num="6" count="4" type="stmt"/>
        <line num="8" count="1" type="stmt"/>
        <line num="10" count="1" type="stmt"/>
        <line num="13" count="1" type="stmt"/>
        <line num="15" count="1" type="stmt"/>
        <line num="17" count="1" type="stmt"/>
        <line num="19" count="1" type="stmt"/>
        <line num="22" count="1" type="stmt"/>
        <line num="26" count="1" type="stmt"/>
      </file>
    </package>
  </project>
</coverage>
