{"/Users/gavrilo/Documents/utils/conditionals/chain-conditionals.ts": {"path":"/Users/gavrilo/Documents/utils/conditionals/chain-conditionals.ts","statementMap":{"0":{"start":{"line":10,"column":65},"end":{"line":20,"column":2}},"1":{"start":{"line":12,"column":6},"end":{"line":20,"column":2}},"2":{"start":{"line":13,"column":15},"end":{"line":13,"column":20}},"3":{"start":{"line":15,"column":4},"end":{"line":15,"column":43}},"4":{"start":{"line":17,"column":4},"end":{"line":17,"column":63}},"5":{"start":{"line":17,"column":16},"end":{"line":17,"column":63}},"6":{"start":{"line":18,"column":4},"end":{"line":18,"column":39}},"7":{"start":{"line":25,"column":30},"end":{"line":27,"column":1}},"8":{"start":{"line":26,"column":2},"end":{"line":26,"column":48}},"9":{"start":{"line":25,"column":13},"end":{"line":25,"column":30}}},"fnMap":{"0":{"name":"(anonymous_0)","decl":{"start":{"line":10,"column":65},"end":{"line":10,"column":null}},"loc":{"start":{"line":12,"column":6},"end":{"line":20,"column":2}}},"1":{"name":"(anonymous_1)","decl":{"start":{"line":13,"column":9},"end":{"line":13,"column":12}},"loc":{"start":{"line":13,"column":15},"end":{"line":13,"column":20}}},"2":{"name":"(anonymous_2)","decl":{"start":{"line":14,"column":8},"end":{"line":14,"column":9}},"loc":{"start":{"line":15,"column":4},"end":{"line":15,"column":43}}},"3":{"name":"(anonymous_3)","decl":{"start":{"line":16,"column":10},"end":{"line":16,"column":11}},"loc":{"start":{"line":16,"column":47},"end":{"line":19,"column":3}}},"4":{"name":"(anonymous_4)","decl":{"start":{"line":25,"column":30},"end":{"line":25,"column":31}},"loc":{"start":{"line":25,"column":60},"end":{"line":27,"column":1}}}},"branchMap":{"0":{"loc":{"start":{"line":17,"column":4},"end":{"line":17,"column":63}},"type":"if","locations":[{"start":{"line":17,"column":4},"end":{"line":17,"column":63}}]}},"s":{"0":1,"1":6,"2":1,"3":1,"4":2,"5":1,"6":1,"7":1,"8":3,"9":1},"f":{"0":6,"1":1,"2":1,"3":2,"4":3},"b":{"0":[1]}}
,"/Users/gavrilo/Documents/utils/conditionals/conditionals.ts": {"path":"/Users/gavrilo/Documents/utils/conditionals/conditionals.ts","statementMap":{"0":{"start":{"line":2,"column":33},"end":{"line":5,"column":51}},"1":{"start":{"line":5,"column":5},"end":{"line":5,"column":51}},"2":{"start":{"line":2,"column":13},"end":{"line":2,"column":33}},"3":{"start":{"line":7,"column":26},"end":{"line":7,"column":124}},"4":{"start":{"line":7,"column":50},"end":{"line":7,"column":124}},"5":{"start":{"line":7,"column":91},"end":{"line":7,"column":116}},"6":{"start":{"line":7,"column":13},"end":{"line":7,"column":26}},"7":{"start":{"line":9,"column":27},"end":{"line":9,"column":124}},"8":{"start":{"line":9,"column":51},"end":{"line":9,"column":124}},"9":{"start":{"line":9,"column":92},"end":{"line":9,"column":117}},"10":{"start":{"line":9,"column":13},"end":{"line":9,"column":27}}},"fnMap":{"0":{"name":"(anonymous_0)","decl":{"start":{"line":2,"column":33},"end":{"line":2,"column":null}},"loc":{"start":{"line":5,"column":5},"end":{"line":5,"column":51}}},"1":{"name":"(anonymous_1)","decl":{"start":{"line":7,"column":26},"end":{"line":7,"column":27}},"loc":{"start":{"line":7,"column":50},"end":{"line":7,"column":124}}},"2":{"name":"(anonymous_2)","decl":{"start":{"line":7,"column":62},"end":{"line":7,"column":63}},"loc":{"start":{"line":7,"column":91},"end":{"line":7,"column":116}}},"3":{"name":"(anonymous_3)","decl":{"start":{"line":9,"column":27},"end":{"line":9,"column":28}},"loc":{"start":{"line":9,"column":51},"end":{"line":9,"column":124}}},"4":{"name":"(anonymous_4)","decl":{"start":{"line":9,"column":63},"end":{"line":9,"column":64}},"loc":{"start":{"line":9,"column":92},"end":{"line":9,"column":117}}}},"branchMap":{"0":{"loc":{"start":{"line":5,"column":5},"end":{"line":5,"column":51}},"type":"binary-expr","locations":[{"start":{"line":5,"column":5},"end":{"line":5,"column":14}},{"start":{"line":5,"column":19},"end":{"line":5,"column":29}},{"start":{"line":5,"column":33},"end":{"line":5,"column":50}}]},"1":{"loc":{"start":{"line":7,"column":91},"end":{"line":7,"column":116}},"type":"binary-expr","locations":[{"start":{"line":7,"column":91},"end":{"line":7,"column":100}},{"start":{"line":7,"column":104},"end":{"line":7,"column":116}}]},"2":{"loc":{"start":{"line":9,"column":92},"end":{"line":9,"column":117}},"type":"binary-expr","locations":[{"start":{"line":9,"column":92},"end":{"line":9,"column":101}},{"start":{"line":9,"column":105},"end":{"line":9,"column":117}}]}},"s":{"0":1,"1":1,"2":1,"3":1,"4":2,"5":8,"6":1,"7":1,"8":2,"9":8,"10":1},"f":{"0":1,"1":2,"2":8,"3":2,"4":8},"b":{"0":[1,1,1],"1":[8,7],"2":[8,7]}}
}
