TN:
SF:conditionals/chain-conditionals.ts
FN:26,(anonymous_0)
FN:27,(anonymous_1)
FN:32,(anonymous_2)
FN:36,(anonymous_3)
FN:37,(anonymous_4)
FN:38,(anonymous_5)
FN:40,(anonymous_6)
FN:44,(anonymous_7)
FN:48,(anonymous_8)
FN:50,(anonymous_9)
FN:59,(anonymous_10)
FNF:11
FNH:11
FNDA:23,(anonymous_0)
FNDA:7,(anonymous_1)
FNDA:7,(anonymous_2)
FNDA:5,(anonymous_3)
FNDA:2,(anonymous_4)
FNDA:2,(anonymous_5)
FNDA:5,(anonymous_6)
FNDA:3,(anonymous_7)
FNDA:1,(anonymous_8)
FNDA:3,(anonymous_9)
FNDA:9,(anonymous_10)
DA:1,1
DA:26,1
DA:27,23
DA:28,7
DA:29,7
DA:32,23
DA:33,7
DA:35,23
DA:36,5
DA:37,2
DA:39,2
DA:41,5
DA:42,3
DA:45,3
DA:46,0
DA:49,1
DA:51,3
DA:59,1
DA:60,9
DA:61,9
DA:64,1
LF:21
LH:20
BRDA:41,0,0,2
BRDA:45,1,0,3
BRF:2
BRH:2
end_of_record
TN:
SF:conditionals/conditionals.ts
FN:4,(anonymous_0)
FN:9,(anonymous_1)
FN:9,(anonymous_2)
FN:11,(anonymous_3)
FN:11,(anonymous_4)
FNF:5
FNH:5
FNDA:1,(anonymous_0)
FNDA:3,(anonymous_1)
FNDA:10,(anonymous_2)
FNDA:5,(anonymous_3)
FNDA:14,(anonymous_4)
DA:4,1
DA:7,1
DA:9,10
DA:11,14
LF:4
LH:4
BRDA:7,0,0,1
BRDA:7,0,1,1
BRDA:7,0,2,1
BRDA:9,1,0,10
BRDA:9,1,1,9
BRDA:11,2,0,14
BRDA:11,2,1,13
BRF:7
BRH:7
end_of_record
TN:
SF:decorators/middleware.ts
FN:17,(anonymous_0)
FN:20,(anonymous_1)
FN:26,(anonymous_2)
FN:30,(anonymous_3)
FN:45,(anonymous_4)
FN:46,(anonymous_5)
FN:52,(anonymous_6)
FNF:7
FNH:7
FNDA:8,(anonymous_0)
FNDA:8,(anonymous_1)
FNDA:12,(anonymous_2)
FNDA:16,(anonymous_3)
FNDA:1,(anonymous_4)
FNDA:1,(anonymous_5)
FNDA:1,(anonymous_6)
DA:17,2
DA:20,8
DA:25,8
DA:26,8
DA:27,12
DA:28,12
DA:29,12
DA:31,16
DA:38,12
DA:44,2
DA:45,2
DA:46,1
DA:51,1
DA:52,1
DA:53,1
DA:54,1
DA:55,0
DA:57,1
DA:58,1
DA:60,0
DA:64,1
LF:21
LH:19
BRDA:29,0,0,0
BRDA:29,0,1,12
BRDA:29,1,0,12
BRDA:29,1,1,12
BRDA:31,2,0,0
BRDA:31,2,1,16
BRDA:31,3,0,16
BRDA:31,3,1,16
BRDA:38,4,0,11
BRDA:38,4,1,1
BRDA:57,5,0,1
BRDA:57,5,1,0
BRF:12
BRH:9
end_of_record
TN:
SF:math/arithmetics.ts
FN:3,pushStep
FN:18,(anonymous_3)
FN:22,(anonymous_4)
FN:27,(anonymous_5)
FN:28,(anonymous_6)
FN:32,(anonymous_7)
FN:33,(anonymous_8)
FN:37,(anonymous_9)
FN:38,(anonymous_10)
FN:41,(anonymous_11)
FN:46,(anonymous_12)
FN:51,(anonymous_13)
FNF:12
FNH:12
FNDA:7,pushStep
FNDA:3,(anonymous_3)
FNDA:2,(anonymous_4)
FNDA:3,(anonymous_5)
FNDA:5,(anonymous_6)
FNDA:2,(anonymous_7)
FNDA:2,(anonymous_8)
FNDA:2,(anonymous_9)
FNDA:4,(anonymous_10)
FNDA:10,(anonymous_11)
FNDA:1,(anonymous_12)
FNDA:3,(anonymous_13)
DA:1,1
DA:5,7
DA:6,7
DA:7,7
DA:15,3
DA:16,3
DA:19,3
DA:23,2
DA:26,1
DA:28,5
DA:31,1
DA:33,2
DA:36,1
DA:38,4
DA:42,10
DA:43,10
DA:47,1
DA:51,1
DA:52,3
LF:19
LH:19
BRDA:18,0,0,2
BRDA:42,1,0,0
BRDA:42,1,1,10
BRF:3
BRH:2
end_of_record
TN:
SF:math/limit.ts
FN:5,(anonymous_0)
FNF:1
FNH:1
FNDA:1,(anonymous_0)
DA:1,1
DA:2,1
DA:5,1
DA:9,1
DA:10,1
DA:11,1
DA:12,1166
DA:13,1
DA:14,1
DA:16,1165
DA:17,0
DA:22,1165
DA:23,1165
DA:25,1165
DA:26,1
DA:31,1164
DA:32,1164
LF:17
LH:16
BRDA:7,0,0,1
BRDA:12,1,0,1
BRDA:16,2,0,0
BRDA:25,3,0,1
BRF:4
BRH:3
end_of_record
TN:
SF:mocks/TestClass.ts
FN:3,(anonymous_2)
FN:4,(anonymous_3)
FN:5,(anonymous_4)
FN:9,(anonymous_5)
FN:14,(anonymous_6)
FN:18,(anonymous_7)
FN:25,(anonymous_8)
FN:8,(anonymous_9)
FNF:8
FNH:8
FNDA:8,(anonymous_2)
FNDA:1,(anonymous_3)
FNDA:4,(anonymous_4)
FNDA:1,(anonymous_5)
FNDA:1,(anonymous_6)
FNDA:1,(anonymous_7)
FNDA:1,(anonymous_8)
FNDA:1,(anonymous_9)
DA:1,1
DA:3,8
DA:4,1
DA:5,1
DA:6,4
DA:8,1
DA:10,1
DA:13,1
DA:15,1
DA:17,1
DA:19,1
DA:22,1
DA:26,1
LF:13
LH:13
BRF:0
BRH:0
end_of_record
