TN:
SF:conditionals/chain-conditionals.ts
FN:10,(anonymous_0)
FN:13,(anonymous_1)
FN:14,(anonymous_2)
FN:16,(anonymous_3)
FN:25,(anonymous_4)
FNF:5
FNH:5
FNDA:6,(anonymous_0)
FNDA:1,(anonymous_1)
FNDA:1,(anonymous_2)
FNDA:2,(anonymous_3)
FNDA:3,(anonymous_4)
DA:10,1
DA:12,6
DA:13,1
DA:15,1
DA:17,2
DA:18,1
DA:25,1
DA:26,3
LF:8
LH:8
BRDA:17,0,0,1
BRF:1
BRH:1
end_of_record
TN:
SF:conditionals/conditionals.ts
FN:2,(anonymous_0)
FN:7,(anonymous_1)
FN:7,(anonymous_2)
FN:9,(anonymous_3)
FN:9,(anonymous_4)
FNF:5
FNH:5
FNDA:1,(anonymous_0)
FNDA:2,(anonymous_1)
FNDA:8,(anonymous_2)
FNDA:2,(anonymous_3)
FNDA:8,(anonymous_4)
DA:2,1
DA:5,1
DA:7,8
DA:9,8
LF:4
LH:4
BRDA:5,0,0,1
BRDA:5,0,1,1
BRDA:5,0,2,1
BRDA:7,1,0,8
BRDA:7,1,1,7
BRDA:9,2,0,8
BRDA:9,2,1,7
BRF:7
BRH:7
end_of_record
